{"/Users/okwiri/aptly/src/NumberOfEvents.js": {"path":"/Users/okwiri/aptly/src/NumberOfEvents.js","statementMap":{"0":{"start":{"line":4,"column":10},"end":{"line":6,"column":3}},"1":{"start":{"line":9,"column":4},"end":{"line":30,"column":6}},"2":{"start":{"line":19,"column":13},"end":{"line":23,"column":18}},"3":{"start":{"line":21,"column":31},"end":{"line":21,"column":65}}},"fnMap":{"0":{"name":"(anonymous_0)","decl":{"start":{"line":8,"column":2},"end":{"line":8,"column":3}},"loc":{"start":{"line":8,"column":11},"end":{"line":31,"column":3}},"line":8},"1":{"name":"(anonymous_1)","decl":{"start":{"line":18,"column":39},"end":{"line":18,"column":40}},"loc":{"start":{"line":19,"column":13},"end":{"line":23,"column":18}},"line":19},"2":{"name":"(anonymous_2)","decl":{"start":{"line":21,"column":25},"end":{"line":21,"column":26}},"loc":{"start":{"line":21,"column":31},"end":{"line":21,"column":65}},"line":21}},"branchMap":{},"s":{"0":1,"1":1,"2":0,"3":0},"f":{"0":1,"1":0,"2":0},"b":{},"_coverageSchema":"1a1c01bbd47fc00a2c39e90264f33305004495a9","hash":"7316a83ca731dddb9c65e203492a55a878623cd1"}
}
